<?xml version="1.0" encoding="UTF-8"?>
<testng-results ignored="0" total="1" passed="1" failed="0" skipped="0">
  <reporter-output>
  </reporter-output>
  <suite started-at="2021-12-22T23:10:37 EST" name="Default suite" finished-at="2021-12-22T23:10:40 EST" duration-ms="3584">
    <groups>
    </groups>
    <test started-at="2021-12-22T23:10:37 EST" name="Default test" finished-at="2021-12-22T23:10:40 EST" duration-ms="3584">
      <class name="com.tests.HomePageTest">
        <test-method is-config="true" signature="setUp()[pri:0, instance:com.tests.HomePageTest@693fe6c9]" started-at="2021-12-22T23:10:37 EST" name="setUp" finished-at="2021-12-22T23:10:40 EST" duration-ms="3110" status="PASS">
          <reporter-output>
          </reporter-output>
        </test-method> <!-- setUp -->
        <test-method signature="HomePageTitle()[pri:0, instance:com.tests.HomePageTest@693fe6c9]" started-at="2021-12-22T23:10:40 EST" name="HomePageTitle" finished-at="2021-12-22T23:10:40 EST" duration-ms="11" status="PASS">
          <reporter-output>
          </reporter-output>
        </test-method> <!-- HomePageTitle -->
        <test-method is-config="true" signature="tearDown()[pri:0, instance:com.tests.HomePageTest@693fe6c9]" started-at="2021-12-22T23:10:40 EST" name="tearDown" finished-at="2021-12-22T23:10:40 EST" duration-ms="439" status="PASS">
          <reporter-output>
          </reporter-output>
        </test-method> <!-- tearDown -->
      </class> <!-- com.tests.HomePageTest -->
    </test> <!-- Default test -->
  </suite> <!-- Default suite -->
</testng-results>
