<?xml version="1.0" encoding="UTF-8"?>
<testng-results ignored="3" total="4" passed="1" failed="0" skipped="0">
  <reporter-output>
  </reporter-output>
  <suite started-at="2021-12-25T18:37:41 EST" name="Default suite" finished-at="2021-12-25T18:37:44 EST" duration-ms="3773">
    <groups>
    </groups>
    <test started-at="2021-12-25T18:37:41 EST" name="Default test" finished-at="2021-12-25T18:37:44 EST" duration-ms="3773">
      <class name="com.tests.HomePageTest">
        <test-method is-config="true" signature="setUp()[pri:0, instance:com.tests.HomePageTest@49912c99]" started-at="2021-12-25T18:37:41 EST" name="setUp" finished-at="2021-12-25T18:37:44 EST" duration-ms="3173" status="PASS">
          <reporter-output>
          </reporter-output>
        </test-method> <!-- setUp -->
        <test-method signature="verifyCurrencyListTest()[pri:4, instance:com.tests.HomePageTest@49912c99]" started-at="2021-12-25T18:37:44 EST" name="verifyCurrencyListTest" finished-at="2021-12-25T18:37:44 EST" duration-ms="202" status="PASS">
          <reporter-output>
          </reporter-output>
        </test-method> <!-- verifyCurrencyListTest -->
        <test-method is-config="true" signature="tearDown()[pri:0, instance:com.tests.HomePageTest@49912c99]" started-at="2021-12-25T18:37:44 EST" name="tearDown" finished-at="2021-12-25T18:37:44 EST" duration-ms="364" status="PASS">
          <reporter-output>
          </reporter-output>
        </test-method> <!-- tearDown -->
      </class> <!-- com.tests.HomePageTest -->
    </test> <!-- Default test -->
  </suite> <!-- Default suite -->
</testng-results>
