<?xml version="1.0" encoding="UTF-8"?>
<!-- Generated by org.testng.reporters.JUnitXMLReporter -->
<testsuite ignored="0" hostname="DESKTOP-A7ACS09" failures="0" tests="3" name="Test" time="8.662" errors="0" timestamp="2021-12-25T03:58:59 EST">
  <testcase classname="com.tests.HomePageTest" name="HomePageTitle" time="0.013"/>
  <testcase classname="com.tests.HomePageTest" name="validateLoginSourceButtonTest" time="0.057"/>
  <testcase classname="com.tests.HomePageTest" name="validateAboutUsLinkTest" time="0.073"/>
</testsuite> <!-- Test -->
