<?xml version="1.0" encoding="UTF-8"?>
<!-- Generated by org.testng.reporters.JUnitXMLReporter -->
<testsuite ignored="3" hostname="DESKTOP-A7ACS09" failures="0" tests="1" name="Default test" time="3.773" errors="0" timestamp="2021-12-25T18:37:44 EST">
  <testcase classname="com.tests.HomePageTest" name="verifyCurrencyListTest" time="0.202"/>
  <testcase classname="com.tests.HomePageTest" name="validateLoginSourceButtonTest" time="0.0">
    <ignored/>
  </testcase> <!-- validateLoginSourceButtonTest -->
  <testcase classname="com.tests.HomePageTest" name="validateAboutUsLinkTest" time="0.0">
    <ignored/>
  </testcase> <!-- validateAboutUsLinkTest -->
  <testcase classname="com.tests.HomePageTest" name="HomePageTitle" time="0.0">
    <ignored/>
  </testcase> <!-- HomePageTitle -->
</testsuite> <!-- Default test -->
